timestamp: 2015-04-01T14:13:44.539645
CREATE TABLE auth_user(
    id INTEGER PRIMARY KEY AUTOINCREMENT,
    first_name CHAR(128),
    last_name CHAR(128),
    email CHAR(512),
    password CHAR(512),
    registration_key CHAR(512),
    reset_password_key CHAR(512),
    registration_id CHAR(512)
);
success!
timestamp: 2015-04-01T14:13:44.672391
CREATE TABLE auth_group(
    id INTEGER PRIMARY KEY AUTOINCREMENT,
    role CHAR(512),
    description TEXT
);
success!
timestamp: 2015-04-01T14:13:44.784303
CREATE TABLE auth_membership(
    id INTEGER PRIMARY KEY AUTOINCREMENT,
    user_id INTEGER REFERENCES auth_user(id) ON DELETE CASCADE,
    group_id INTEGER REFERENCES auth_group(id) ON DELETE CASCADE
);
success!
timestamp: 2015-04-01T14:13:44.918645
CREATE TABLE auth_permission(
    id INTEGER PRIMARY KEY AUTOINCREMENT,
    group_id INTEGER REFERENCES auth_group(id) ON DELETE CASCADE,
    name CHAR(512),
    table_name CHAR(512),
    record_id INTEGER
);
success!
timestamp: 2015-04-01T14:13:45.053606
CREATE TABLE auth_event(
    id INTEGER PRIMARY KEY AUTOINCREMENT,
    time_stamp TIMESTAMP,
    client_ip CHAR(512),
    user_id INTEGER REFERENCES auth_user(id) ON DELETE CASCADE,
    origin CHAR(512),
    description TEXT
);
success!
timestamp: 2015-04-01T14:13:45.186869
CREATE TABLE auth_cas(
    id INTEGER PRIMARY KEY AUTOINCREMENT,
    user_id INTEGER REFERENCES auth_user(id) ON DELETE CASCADE,
    created_on TIMESTAMP,
    service CHAR(512),
    ticket CHAR(512),
    renew CHAR(1)
);
success!
timestamp: 2015-04-01T15:35:31.078108
CREATE TABLE mytable(
    id INTEGER PRIMARY KEY AUTOINCREMENT,
    myfield CHAR(512)
);
success!
timestamp: 2015-04-02T19:30:13.943612
CREATE TABLE patient(
    id INTEGER PRIMARY KEY AUTOINCREMENT,
    first_name CHAR(128),
    last_name CHAR(128),
    dob DATE,
    sex CHAR(1),
    email CHAR(128) UNIQUE,
    phone CHAR(10),
    bloodgroup CHAR(3),
    allergies TEXT,
    address CHAR(256),
    password CHAR(512),
    UPID CHAR(10)
);
success!
success!
success!
success!
success!
success!
success!
success!
timestamp: 2015-04-03T14:55:47.961766
CREATE TABLE doctor(
    id INTEGER PRIMARY KEY AUTOINCREMENT,
    first_name CHAR(128),
    last_name CHAR(128),
    dob DATE,
    sex CHAR(1),
    email CHAR(128) UNIQUE,
    phone CHAR(10),
    address CHAR(256),
    password CHAR(512),
    UPID CHAR(10),
    qualifications TEXT,
    visiting hours CHAR(512)
);
success!
success!
